androiddualcameracapture-e4d8199f15f7/app/build/outputs/logs/manifest-merger-debug-report.txt
-- Merging decision tree log ---
manifest
ADDED from src/main/AndroidManifest.xml:2:1-49:12
	package
		ADDED from src/main/AndroidManifest.xml:4:5-39
		INJECTED from src/main/AndroidManifest.xml
		INJECTED from src/main/AndroidManifest.xml
	android:versionName
		ADDED from src/main/AndroidManifest.xml:6:5-30
		INJECTED from src/main/AndroidManifest.xml
		INJECTED from src/main/AndroidManifest.xml
	xmlns:tools
		ADDED from src/main/AndroidManifest.xml:3:5-51
	android:versionCode
		ADDED from src/main/AndroidManifest.xml:5:5-28
		INJECTED from src/main/AndroidManifest.xml
		INJECTED from src/main/AndroidManifest.xml
	xmlns:android
		ADDED from src/main/AndroidManifest.xml:2:11-69
uses-sdk
ADDED from src/main/AndroidManifest.xml:8:5-10:41
MERGED from [jens_grubert-androiddualcameracapture-e4d8199f15f7:Myapp-release:unspecified] AndroidManifest.xml:9:5-11:41
MERGED from [com.android.support:appcompat-v7:26.0.0-alpha1] AndroidManifest.xml:21:5-23:78
MERGED from [com.android.support:support-v4:26.0.0-alpha1] AndroidManifest.xml:21:5-23:54
MERGED from [com.android.support:support-media-compat:26.0.0-alpha1] AndroidManifest.xml:21:5-23:63
MERGED from [com.android.support:support-fragment:26.0.0-alpha1] AndroidManifest.xml:21:5-23:60
MERGED from [com.android.support:support-core-ui:26.0.0-alpha1] AndroidManifest.xml:21:5-23:58
MERGED from [com.android.support:support-core-utils:26.0.0-alpha1] AndroidManifest.xml:21:5-23:61
MERGED from [com.android.support:animated-vector-drawable:26.0.0-alpha1] AndroidManifest.xml:20:5-44
MERGED from [com.android.support:support-vector-drawable:26.0.0-alpha1] AndroidManifest.xml:20:5-44
MERGED from [com.android.support:support-compat:26.0.0-alpha1] AndroidManifest.xml:21:5-23:58
MERGED from [com.android.support.constraint:constraint-layout:1.0.2] AndroidManifest.xml:5:5-7:41
	tools:overrideLibrary
		ADDED from [com.android.support:appcompat-v7:26.0.0-alpha1] AndroidManifest.xml:23:9-75
	android:targetSdkVersion
		ADDED from src/main/AndroidManifest.xml:10:9-38
		INJECTED from src/main/AndroidManifest.xml
		INJECTED from src/main/AndroidManifest.xml
	android:minSdkVersion
		ADDED from src/main/AndroidManifest.xml:9:9-35
		INJECTED from src/main/AndroidManifest.xml
		INJECTED from src/main/AndroidManifest.xml
uses-feature#android.hardware.camera
ADDED from src/main/AndroidManifest.xml:12:5-60
MERGED from [jens_grubert-androiddualcameracapture-e4d8199f15f7:Myapp-release:unspecified] AndroidManifest.xml:13:5-60
	android:name
		ADDED from src/main/AndroidManifest.xml:12:19-57
uses-permission#android.permission.CAMERA
ADDED from src/main/AndroidManifest.xml:14:5-65
MERGED from [jens_grubert-androiddualcameracapture-e4d8199f15f7:Myapp-release:unspecified] AndroidManifest.xml:23:5-65
	android:name
		ADDED from src/main/AndroidManifest.xml:14:22-62
uses-permission#android.permission.WRITE_EXTERNAL_STORAGE
ADDED from src/main/AndroidManifest.xml:15:5-81
MERGED from [jens_grubert-androiddualcameracapture-e4d8199f15f7:Myapp-release:unspecified] AndroidManifest.xml:25:5-81
	android:name
		ADDED from src/main/AndroidManifest.xml:15:22-78
uses-permission#android.permission.READ_PHONE_STATE
ADDED from src/main/AndroidManifest.xml:16:5-75
	android:name
		ADDED from src/main/AndroidManifest.xml:16:22-72
uses-permission#android.permission.READ_EXTERNAL_STORAGE
ADDED from src/main/AndroidManifest.xml:17:5-80
	android:name
		ADDED from src/main/AndroidManifest.xml:17:22-77
application
ADDED from src/main/AndroidManifest.xml:19:5-47:19
MERGED from [jens_grubert-androiddualcameracapture-e4d8199f15f7:Myapp-release:unspecified] AndroidManifest.xml:44:5-88:19
MERGED from [com.android.support:appcompat-v7:26.0.0-alpha1] AndroidManifest.xml:29:5-20
MERGED from [com.android.support:support-v4:26.0.0-alpha1] AndroidManifest.xml:29:5-20
MERGED from [com.android.support:support-media-compat:26.0.0-alpha1] AndroidManifest.xml:29:5-20
MERGED from [com.android.support:support-fragment:26.0.0-alpha1] AndroidManifest.xml:29:5-20
MERGED from [com.android.support:support-core-ui:26.0.0-alpha1] AndroidManifest.xml:29:5-20
MERGED from [com.android.support:support-core-utils:26.0.0-alpha1] AndroidManifest.xml:29:5-20
MERGED from [com.android.support:animated-vector-drawable:26.0.0-alpha1] AndroidManifest.xml:26:5-20
MERGED from [com.android.support:support-vector-drawable:26.0.0-alpha1] AndroidManifest.xml:26:5-20
MERGED from [com.android.support:support-compat:26.0.0-alpha1] AndroidManifest.xml:29:5-20
MERGED from [com.android.support.constraint:constraint-layout:1.0.2] AndroidManifest.xml:9:5-20
	android:label
		ADDED from src/main/AndroidManifest.xml:22:9-41
	android:allowBackup
		ADDED from src/main/AndroidManifest.xml:20:9-35
	android:icon
		ADDED from src/main/AndroidManifest.xml:21:9-45
		REJECTED from [jens_grubert-androiddualcameracapture-e4d8199f15f7:Myapp-release:unspecified] AndroidManifest.xml:46:9-42
	android:banner
		ADDED from [jens_grubert-androiddualcameracapture-e4d8199f15f7:Myapp-release:unspecified] AndroidManifest.xml:45:9-46
	android:theme
		ADDED from src/main/AndroidManifest.xml:23:9-40
		REJECTED from [jens_grubert-androiddualcameracapture-e4d8199f15f7:Myapp-release:unspecified] AndroidManifest.xml:49:9-67
	tools:replace
		ADDED from src/main/AndroidManifest.xml:24:9-51
	android:isGame
		ADDED from [jens_grubert-androiddualcameracapture-e4d8199f15f7:Myapp-release:unspecified] AndroidManifest.xml:47:9-30
activity#at.tugraz.icg.dualcamera.DualCamActivity
ADDED from src/main/AndroidManifest.xml:25:9-34:20
	android:screenOrientation
		ADDED from src/main/AndroidManifest.xml:28:13-50
	android:label
		ADDED from src/main/AndroidManifest.xml:27:13-45
	android:name
		ADDED from src/main/AndroidManifest.xml:26:13-44
intent-filter#android.intent.action.MAIN+android.intent.category.LAUNCHER
ADDED from src/main/AndroidManifest.xml:29:13-33:29
action#android.intent.action.MAIN
ADDED from src/main/AndroidManifest.xml:30:17-69
	android:name
		ADDED from src/main/AndroidManifest.xml:30:25-66
category#android.intent.category.LAUNCHER
ADDED from src/main/AndroidManifest.xml:32:17-77
	android:name
		ADDED from src/main/AndroidManifest.xml:32:27-74
activity#com.Sitepoint.Myapp.UnityPlayerActivity
ADDED from src/main/AndroidManifest.xml:35:9-46:20
	android:theme
		ADDED from src/main/AndroidManifest.xml:36:13-56
	android:name
		ADDED from src/main/AndroidManifest.xml:35:19-73
intent-filter#android.intent.action.MAIN+android.intent.category.DEFAULT
ADDED from src/main/AndroidManifest.xml:37:13-45:29
category#android.intent.category.DEFAULT
ADDED from src/main/AndroidManifest.xml:39:17-76
	android:name
		ADDED from src/main/AndroidManifest.xml:39:27-73
style
ADDED from src/main/AndroidManifest.xml:40:17-44:25
item
ADDED from src/main/AndroidManifest.xml:41:21-82
	android:name
		ADDED from src/main/AndroidManifest.xml:41:27-62
supports-screens
ADDED from [jens_grubert-androiddualcameracapture-e4d8199f15f7:Myapp-release:unspecified] AndroidManifest.xml:15:5-20:40
	android:largeScreens
		ADDED from [jens_grubert-androiddualcameracapture-e4d8199f15f7:Myapp-release:unspecified] AndroidManifest.xml:17:9-36
	android:smallScreens
		ADDED from [jens_grubert-androiddualcameracapture-e4d8199f15f7:Myapp-release:unspecified] AndroidManifest.xml:19:9-36
	android:normalScreens
		ADDED from [jens_grubert-androiddualcameracapture-e4d8199f15f7:Myapp-release:unspecified] AndroidManifest.xml:18:9-37
	android:xlargeScreens
		ADDED from [jens_grubert-androiddualcameracapture-e4d8199f15f7:Myapp-release:unspecified] AndroidManifest.xml:20:9-37
	android:anyDensity
		ADDED from [jens_grubert-androiddualcameracapture-e4d8199f15f7:Myapp-release:unspecified] AndroidManifest.xml:16:9-34
uses-permission#android.permission.INTERNET
ADDED from [jens_grubert-androiddualcameracapture-e4d8199f15f7:Myapp-release:unspecified] AndroidManifest.xml:22:5-67
	android:name
		ADDED from [jens_grubert-androiddualcameracapture-e4d8199f15f7:Myapp-release:unspecified] AndroidManifest.xml:22:22-64
uses-permission#android.permission.ACCESS_NETWORK_STATE
ADDED from [jens_grubert-androiddualcameracapture-e4d8199f15f7:Myapp-release:unspecified] AndroidManifest.xml:24:5-79
	android:name
		ADDED from [jens_grubert-androiddualcameracapture-e4d8199f15f7:Myapp-release:unspecified] AndroidManifest.xml:24:22-76
uses-feature#0x00020000
ADDED from [jens_grubert-androiddualcameracapture-e4d8199f15f7:Myapp-release:unspecified] AndroidManifest.xml:27:5-54
	android:glEsVersion
		ADDED from [jens_grubert-androiddualcameracapture-e4d8199f15f7:Myapp-release:unspecified] AndroidManifest.xml:27:19-51
uses-feature#android.hardware.camera.autofocus
ADDED from [jens_grubert-androiddualcameracapture-e4d8199f15f7:Myapp-release:unspecified] AndroidManifest.xml:28:5-30:36
	android:required
		ADDED from [jens_grubert-androiddualcameracapture-e4d8199f15f7:Myapp-release:unspecified] AndroidManifest.xml:30:9-33
	android:name
		ADDED from [jens_grubert-androiddualcameracapture-e4d8199f15f7:Myapp-release:unspecified] AndroidManifest.xml:29:9-57
uses-feature#android.hardware.camera.front
ADDED from [jens_grubert-androiddualcameracapture-e4d8199f15f7:Myapp-release:unspecified] AndroidManifest.xml:31:5-33:36
	android:required
		ADDED from [jens_grubert-androiddualcameracapture-e4d8199f15f7:Myapp-release:unspecified] AndroidManifest.xml:33:9-33
	android:name
		ADDED from [jens_grubert-androiddualcameracapture-e4d8199f15f7:Myapp-release:unspecified] AndroidManifest.xml:32:9-53
uses-feature#android.hardware.touchscreen
ADDED from [jens_grubert-androiddualcameracapture-e4d8199f15f7:Myapp-release:unspecified] AndroidManifest.xml:34:5-36:36
	android:required
		ADDED from [jens_grubert-androiddualcameracapture-e4d8199f15f7:Myapp-release:unspecified] AndroidManifest.xml:36:9-33
	android:name
		ADDED from [jens_grubert-androiddualcameracapture-e4d8199f15f7:Myapp-release:unspecified] AndroidManifest.xml:35:9-52
uses-feature#android.hardware.touchscreen.multitouch
ADDED from [jens_grubert-androiddualcameracapture-e4d8199f15f7:Myapp-release:unspecified] AndroidManifest.xml:37:5-39:36
	android:required
		ADDED from [jens_grubert-androiddualcameracapture-e4d8199f15f7:Myapp-release:unspecified] AndroidManifest.xml:39:9-33
	android:name
		ADDED from [jens_grubert-androiddualcameracapture-e4d8199f15f7:Myapp-release:unspecified] AndroidManifest.xml:38:9-63
uses-feature#android.hardware.touchscreen.multitouch.distinct
ADDED from [jens_grubert-androiddualcameracapture-e4d8199f15f7:Myapp-release:unspecified] AndroidManifest.xml:40:5-42:36
	android:required
		ADDED from [jens_grubert-androiddualcameracapture-e4d8199f15f7:Myapp-release:unspecified] AndroidManifest.xml:42:9-33
	android:name
		ADDED from [jens_grubert-androiddualcameracapture-e4d8199f15f7:Myapp-release:unspecified] AndroidManifest.xml:41:9-72
activity#com.Sitepoint.Myapp.UnityPlayerNativeActivity
ADDED from [jens_grubert-androiddualcameracapture-e4d8199f15f7:Myapp-release:unspecified] AndroidManifest.xml:50:9-69:20
	android:screenOrientation
		ADDED from [jens_grubert-androiddualcameracapture-e4d8199f15f7:Myapp-release:unspecified] AndroidManifest.xml:55:13-51
	android:label
		ADDED from [jens_grubert-androiddualcameracapture-e4d8199f15f7:Myapp-release:unspecified] AndroidManifest.xml:53:13-45
	android:launchMode
		ADDED from [jens_grubert-androiddualcameracapture-e4d8199f15f7:Myapp-release:unspecified] AndroidManifest.xml:54:13-44
	android:configChanges
		ADDED from [jens_grubert-androiddualcameracapture-e4d8199f15f7:Myapp-release:unspecified] AndroidManifest.xml:52:13-170
	android:name
		ADDED from [jens_grubert-androiddualcameracapture-e4d8199f15f7:Myapp-release:unspecified] AndroidManifest.xml:51:13-73
meta-data#unityplayer.UnityActivity
ADDED from [jens_grubert-androiddualcameracapture-e4d8199f15f7:Myapp-release:unspecified] AndroidManifest.xml:63:13-65:40
	android:value
		ADDED from [jens_grubert-androiddualcameracapture-e4d8199f15f7:Myapp-release:unspecified] AndroidManifest.xml:65:17-37
	android:name
		ADDED from [jens_grubert-androiddualcameracapture-e4d8199f15f7:Myapp-release:unspecified] AndroidManifest.xml:64:17-57
meta-data#unityplayer.ForwardNativeEventsToDalvik
ADDED from [jens_grubert-androiddualcameracapture-e4d8199f15f7:Myapp-release:unspecified] AndroidManifest.xml:66:13-68:41
	android:value
		ADDED from [jens_grubert-androiddualcameracapture-e4d8199f15f7:Myapp-release:unspecified] AndroidManifest.xml:68:17-38
	android:name
		ADDED from [jens_grubert-androiddualcameracapture-e4d8199f15f7:Myapp-release:unspecified] AndroidManifest.xml:67:17-71
activity#com.unity3d.player.VideoPlayer
ADDED from [jens_grubert-androiddualcameracapture-e4d8199f15f7:Myapp-release:unspecified] AndroidManifest.xml:70:9-75:20
	android:screenOrientation
		ADDED from [jens_grubert-androiddualcameracapture-e4d8199f15f7:Myapp-release:unspecified] AndroidManifest.xml:74:13-49
	android:label
		ADDED from [jens_grubert-androiddualcameracapture-e4d8199f15f7:Myapp-release:unspecified] AndroidManifest.xml:73:13-45
	android:configChanges
		ADDED from [jens_grubert-androiddualcameracapture-e4d8199f15f7:Myapp-release:unspecified] AndroidManifest.xml:72:13-170
	android:name
		ADDED from [jens_grubert-androiddualcameracapture-e4d8199f15f7:Myapp-release:unspecified] AndroidManifest.xml:71:13-58
uses-library#com.ti.s3d
ADDED from [jens_grubert-androiddualcameracapture-e4d8199f15f7:Myapp-release:unspecified] AndroidManifest.xml:81:9-83:40
	android:required
		ADDED from [jens_grubert-androiddualcameracapture-e4d8199f15f7:Myapp-release:unspecified] AndroidManifest.xml:83:13-37
	android:name
		ADDED from [jens_grubert-androiddualcameracapture-e4d8199f15f7:Myapp-release:unspecified] AndroidManifest.xml:82:13-38
uses-library#com.osterhoutgroup.api.ext
ADDED from [jens_grubert-androiddualcameracapture-e4d8199f15f7:Myapp-release:unspecified] AndroidManifest.xml:85:9-87:40
	android:required
		ADDED from [jens_grubert-androiddualcameracapture-e4d8199f15f7:Myapp-release:unspecified] AndroidManifest.xml:87:13-37
	android:name
		ADDED from [jens_grubert-androiddualcameracapture-e4d8199f15f7:Myapp-release:unspecified] AndroidManifest.xml:86:13-54
meta-data#android.support.VERSION
ADDED from [com.android.support:appcompat-v7:26.0.0-alpha1] AndroidManifest.xml:25:5-27:41
MERGED from [com.android.support:support-v4:26.0.0-alpha1] AndroidManifest.xml:25:5-27:41
MERGED from [com.android.support:support-media-compat:26.0.0-alpha1] AndroidManifest.xml:25:5-27:41
MERGED from [com.android.support:support-fragment:26.0.0-alpha1] AndroidManifest.xml:25:5-27:41
MERGED from [com.android.support:support-core-ui:26.0.0-alpha1] AndroidManifest.xml:25:5-27:41
MERGED from [com.android.support:support-core-utils:26.0.0-alpha1] AndroidManifest.xml:25:5-27:41
MERGED from [com.android.support:animated-vector-drawable:26.0.0-alpha1] AndroidManifest.xml:22:5-24:41
MERGED from [com.android.support:support-vector-drawable:26.0.0-alpha1] AndroidManifest.xml:22:5-24:41
MERGED from [com.android.support:support-compat:26.0.0-alpha1] AndroidManifest.xml:25:5-27:41
	android:value
		ADDED from [com.android.support:appcompat-v7:26.0.0-alpha1] AndroidManifest.xml:27:9-38
	android:name
		ADDED from [com.android.support:appcompat-v7:26.0.0-alpha1] AndroidManifest.xml:26:9-47